<?xml version="1.0" encoding="UTF-8"?>
<!-- Generated by org.testng.reporters.JUnitReportReporter -->
<testsuite hostname="DESKTOP-GF57R6E" failures="0" tests="5" name="API.New" time="3.185" errors="0" timestamp="2023-08-07T21:15:27 AST" skipped="0">
  <testcase classname="API.New" name="get" time="1.772"/>
  <testcase classname="API.New" name="test" time="0.114"/>
  <testcase classname="API.New" name="playaround" time="0.032"/>
  <testcase classname="API.New" name="add" time="0.413"/>
  <testcase classname="API.New" name="update" time="0.854"/>
</testsuite> <!-- API.New -->
