<?xml version="1.0" encoding="UTF-8"?>
<!-- Generated by org.testng.reporters.JUnitReportReporter -->
<testsuite hostname="DESKTOP-GF57R6E" failures="0" tests="4" name="API.New" time="3.328" errors="0" timestamp="2023-08-07T20:02:26 AST" skipped="0">
  <testcase classname="API.New" name="get" time="2.134"/>
  <testcase classname="API.New" name="test" time="0.134"/>
  <testcase classname="API.New" name="add" time="0.595"/>
  <testcase classname="API.New" name="update" time="0.465"/>
</testsuite> <!-- API.New -->
